<?xml version="1.0" encoding="UTF-8"?>
<testsuite xmlns:xsi="http://www.w3.org/2001/XMLSchema-instance" xsi:noNamespaceSchemaLocation="https://maven.apache.org/surefire/maven-surefire-plugin/xsd/surefire-test-report.xsd" name="uk.ac.ed.inf.AppTest" time="1.896" tests="21" errors="0" skipped="0" failures="0">
  <properties>
[...]
</properties>
  <testcase name="testCloseToFalse" classname="uk.ac.ed.inf.AppTest" time="0.016"/>
  <testcase name="testAngle30" classname="uk.ac.ed.inf.AppTest" time="0"/>
  <testcase name="testAngle60" classname="uk.ac.ed.inf.AppTest" time="0.005"/>
  <testcase name="testAngle90" classname="uk.ac.ed.inf.AppTest" time="0"/>
  <testcase name="testCloseToTrue" classname="uk.ac.ed.inf.AppTest" time="0"/>
  <testcase name="testMenusFourA" classname="uk.ac.ed.inf.AppTest" time="1.683"/>
  <testcase name="testMenusFourB" classname="uk.ac.ed.inf.AppTest" time="0.008"/>
  <testcase name="testMenusThree" classname="uk.ac.ed.inf.AppTest" time="0.023"/>
  <testcase name="testAngle150" classname="uk.ac.ed.inf.AppTest" time="0"/>
  <testcase name="testAngle210" classname="uk.ac.ed.inf.AppTest" time="0"/>
  <testcase name="testAngle270" classname="uk.ac.ed.inf.AppTest" time="0"/>
  <testcase name="testAngle310" classname="uk.ac.ed.inf.AppTest" time="0"/>
  <testcase name="testAngle350" classname="uk.ac.ed.inf.AppTest" time="0"/>
  <testcase name="testAngle999" classname="uk.ac.ed.inf.AppTest" time="0"/>
  <testcase name="testMenusOne" classname="uk.ac.ed.inf.AppTest" time="0.03"/>
  <testcase name="testMenusTwo" classname="uk.ac.ed.inf.AppTest" time="0.022"/>
  <testcase name="testAngle0" classname="uk.ac.ed.inf.AppTest" time="0"/>
  <testcase name="testIsConfinedFalse" classname="uk.ac.ed.inf.AppTest" time="0"/>
  <testcase name="testIsConfinedTrueA" classname="uk.ac.ed.inf.AppTest" time="0"/>
  <testcase name="testIsConfinedTrueB" classname="uk.ac.ed.inf.AppTest" time="0"/>
  <testcase name="testDistanceTo" classname="uk.ac.ed.inf.AppTest" time="0"/>
</testsuite>